#
# A fatal error has been detected by the Java Runtime Environment:
#
#  EXCEPTION_ACCESS_VIOLATION (0xc0000005) at pc=0x00007ff8f2ff2632, pid=2680, tid=9076
#
# JRE version: Java(TM) SE Runtime Environment (17.0.2+8) (build 17.0.2+8-LTS-86)
# Java VM: Java HotSpot(TM) 64-Bit Server VM (17.0.2+8-LTS-86, mixed mode, sharing, tiered, compressed oops, compressed class ptrs, g1 gc, windows-amd64)
# Problematic frame:
# V  [jvm.dll+0x2d2632]
#
# No core dump will be written. Minidumps are not enabled by default on client versions of Windows
#
# If you would like to submit a bug report, please visit:
#   https://bugreport.java.com/bugreport/crash.jsp
#

---------------  S U M M A R Y ------------

Command Line: --add-opens=java.base/java.util=ALL-UNNAMED --add-opens=java.base/java.lang=ALL-UNNAMED --add-opens=java.base/java.lang.invoke=ALL-UNNAMED --add-opens=java.base/java.util=ALL-UNNAMED --add-opens=java.prefs/java.util.prefs=ALL-UNNAMED --add-opens=java.prefs/java.util.prefs=ALL-UNNAMED --add-opens=java.base/java.nio.charset=ALL-UNNAMED --add-opens=java.base/java.net=ALL-UNNAMED --add-opens=java.base/java.util.concurrent.atomic=ALL-UNNAMED -Xmx2048m -Dfile.encoding=UTF-8 -Duser.country=US -Duser.language=en -Duser.variant org.gradle.launcher.daemon.bootstrap.GradleDaemon 7.3.3

Host: Intel(R) Core(TM)2 Duo CPU     P8700  @ 2.53GHz, 2 cores, 3G,  Windows 10 , 64 bit Build 19041 (10.0.19041.1806)
Time: Thu Nov  3 00:31:49 2022 W. Central Africa Standard Time elapsed time: 91.036795 seconds (0d 0h 1m 31s)

---------------  T H R E A D  ---------------

Current thread (0x000001d4d225f470):  ConcurrentGCThread "G1 Conc#0" [stack: 0x0000008d66400000,0x0000008d66500000] [id=9076]

Stack: [0x0000008d66400000,0x0000008d66500000],  sp=0x0000008d664ff810,  free space=1022k
Native frames: (J=compiled Java code, j=interpreted, Vv=VM code, C=native code)
V  [jvm.dll+0x2d2632]
V  [jvm.dll+0x2d237f]
V  [jvm.dll+0x2d05ed]
V  [jvm.dll+0x2d0251]
V  [jvm.dll+0x2e5ace]
V  [jvm.dll+0x2e2241]
V  [jvm.dll+0x2e3b9c]
V  [jvm.dll+0x2e2b74]
V  [jvm.dll+0x2e66d6]
V  [jvm.dll+0x7fd27b]
V  [jvm.dll+0x7fd2c6]
V  [jvm.dll+0x77ff7a]
V  [jvm.dll+0x66fa35]
C  [ucrtbase.dll+0x21bb2]
C  [KERNEL32.DLL+0x17034]
C  [ntdll.dll+0x52651]


siginfo: EXCEPTION_ACCESS_VIOLATION (0xc0000005), reading address 0x00000000000000c0


Register to memory mapping:

RIP=0x00007ff8f2ff2632 jvm.dll
RAX=0x000001d4d2237b00 points into unknown readable memory: 0x0000000000000000 | 00 00 00 00 00 00 00 00
RBX=0x000001d4d2260000 points into unknown readable memory: 0x00007ff8f3610778 | 78 07 61 f3 f8 7f 00 00
RCX=0x0000000000000014 is an unknown value
RDX=0x0 is NULL
RSP=0x0000008d664ff810 points into unknown readable memory: 0x0000000000000000 | 00 00 00 00 00 00 00 00
RBP=0x0 is NULL
RSI=0x000001d4d224e210 points into unknown readable memory: 0x000001d4d225eb50 | 50 eb 25 d2 d4 01 00 00
RDI=0x0000000090e2bb00 is an unallocated location in the heap
R8 =0x0000000090e2bb00 is an unallocated location in the heap
R9 =0x0 is NULL
R10=0x0000000000000043 is an unknown value
R11=0x0000000000000003 is an unknown value
R12=0x0 is NULL
R13=0xaaaaaaaaaaaaaaab is an unknown value
R14=0x0000000800d50fd0 is a pointer to class: 
sun.security.ec.SunEC$1 {0x0000000800d50fd8}
 - instance size:     2
 - klass size:        70
 - access:            synchronized 
 - state:             fully_initialized
 - name:              'sun/security/ec/SunEC$1'
 - super:             'java/lang/Object'
 - sub:               
 - arrays:            NULL
 - methods:           Array<T>(0x000001d4f1f2c018)
 - method ordering:   Array<T>(0x00000008008f2510)
 - default_methods:   Array<T>(0x0000000000000000)
 - local interfaces:  Array<T>(0x000001d4f1f2bff0)
 - trans. interfaces: Array<T>(0x000001d4f1f2bff0)
 - constants:         constant pool [38] {0x000001d4f1f2be58} for 'sun/security/ec/SunEC$1' cache=0x000001d4f1f2c250
 - class loader data:  loader data: 0x000001d4f16537d0 for instance a 'jdk/internal/loader/ClassLoaders$PlatformClassLoader'{0x000000008004e098}
 - source file:       'SunEC.java'
 - class annotations:       Array<T>(0x0000000000000000)
 - class type annotations:  Array<T>(0x0000000000000000)
 - field annotations:       Array<T>(0x0000000000000000)
 - field type annotations:  Array<T>(0x0000000000000000)
 - generic signature: 'Ljava/lang/Object;Ljava/security/PrivilegedAction<Ljava/lang/Void;>;'
 - inner classes:     Array<T>(0x000001d4f1f2c238)
 - nest members:     Array<T>(0x00000008005cf6d8)
 - permitted subclasses:     Array<T>(0x00000008005cf6d8)
 - java mirror:       a 'java/lang/Class'{0x0000000080ff9be8} = 'sun/security/ec/SunEC$1'
 - vtable length      7  (start addr: 0x0000000800d51198)
 - itable length      5 (start addr: 0x0000000800d511d0)
 - ---- static fields (0 words):
 - ---- non-static fields (1 words):
 - final synthetic 'this$0' 'Lsun/security/ec/SunEC;' @12 
 - non-static oop maps: 12-12 
R15=0x000000008108daf8 is an oop: sun.security.ec.SunEC$ProviderServiceA 
{0x000000008108daf8} - klass: 'sun/security/ec/SunEC$ProviderServiceA'
 - ---- fields (total size 8 words):
 - private 'registered' 'Z' @12  false
 - private final 'type' 'Ljava/lang/String;' @16  
[error occurred during error reporting (printing register info), id 0xc0000005, EXCEPTION_ACCESS_VIOLATION (0xc0000005) at pc=0x00007ff8f30acabe]

Registers:
RAX=0x000001d4d2237b00, RBX=0x000001d4d2260000, RCX=0x0000000000000014, RDX=0x0000000000000000
RSP=0x0000008d664ff810, RBP=0x0000000000000000, RSI=0x000001d4d224e210, RDI=0x0000000090e2bb00
R8 =0x0000000090e2bb00, R9 =0x0000000000000000, R10=0x0000000000000043, R11=0x0000000000000003
R12=0x0000000000000000, R13=0xaaaaaaaaaaaaaaab, R14=0x0000000800d50fd0, R15=0x000000008108daf8
RIP=0x00007ff8f2ff2632, EFLAGS=0x0000000000010202

Top of Stack: (sp=0x0000008d664ff810)
0x0000008d664ff810:   0000000000000000 00007ff8f2ff26f8
0x0000008d664ff820:   0000a6711f52fd06 0000008d664ff9e0
0x0000008d664ff830:   0000000090e2bb00 00007ff8f2ff237f
0x0000008d664ff840:   000001d4d2260000 0000008d664ff9e0
0x0000008d664ff850:   0000000800d50fc8 0000008d664ff9e0
0x0000008d664ff860:   000000008108db38 00007ff8f2ff05ed
0x0000008d664ff870:   000000008108db08 00007ff8f2ff0bed
0x0000008d664ff880:   000000008108d920 00007ff8f2ff0251
0x0000008d664ff890:   0000008d664ff9a0 0000000000000001
0x0000008d664ff8a0:   000000008108daf8 00007ff8f2ff0251
0x0000008d664ff8b0:   0000000800d50db0 0000000000000008
0x0000008d664ff8c0:   0000008d664ff9e0 0000000000000000
0x0000008d664ff8d0:   000001d4d2260000 00007ff8f3005ace
0x0000008d664ff8e0:   000000008108daf8 000001d4d224e260
0x0000008d664ff8f0:   0000008d664ff9a0 000001d4d224e260
0x0000008d664ff900:   000000008108daf8 00007ff8f3002241 

Instructions: (pc=0x00007ff8f2ff2632)
0x00007ff8f2ff2532:   48 3b c8 75 ee 32 db 48 8b 6c 24 38 0f b6 c3 48
0x00007ff8f2ff2542:   8b 5c 24 30 48 8b 74 24 40 48 83 c4 20 5f c3 80
0x00007ff8f2ff2552:   3d 4b 84 81 00 00 b3 01 74 15 8b 57 08 8b 0d 53
0x00007ff8f2ff2562:   0d 7b 00 48 d3 e2 48 03 15 41 0d 7b 00 eb 04 48
0x00007ff8f2ff2572:   8b 57 08 48 8b cf e8 d3 a6 ed ff 4c 63 d8 48 8b
0x00007ff8f2ff2582:   86 08 03 00 00 4c 8b 04 e8 49 8b 40 18 8b 88 c0
0x00007ff8f2ff2592:   01 00 00 48 8b 90 b8 01 00 00 48 d3 e2 8b 0d eb
0x00007ff8f2ff25a2:   8d 81 00 48 2b fa 41 8b 50 60 48 d3 ef 44 8b d7
0x00007ff8f2ff25b2:   49 23 d2 48 c1 e2 04 49 03 50 40 8b 02 3b c7 74
0x00007ff8f2ff25c2:   2d 4c 8b 4a 08 4d 85 c9 74 0c 8b c8 49 8b 40 38
0x00007ff8f2ff25d2:   f0 4c 0f c1 0c c8 48 c7 42 08 00 00 00 00 44 89
0x00007ff8f2ff25e2:   12 49 ff 40 58 4c 01 5a 08 e9 49 ff ff ff 49 ff
0x00007ff8f2ff25f2:   40 50 4c 01 5a 08 e9 3c ff ff ff cc cc cc 48 89
0x00007ff8f2ff2602:   6c 24 10 48 89 74 24 18 57 48 83 ec 20 48 8b 41
0x00007ff8f2ff2612:   08 48 8b f1 4d 8b c8 8b ea 49 8b f8 8b 88 c0 01
0x00007ff8f2ff2622:   00 00 48 8b 80 b0 01 00 00 49 d3 e9 4e 8b 0c c8
0x00007ff8f2ff2632:   4d 3b 81 c0 00 00 00 72 12 32 c0 48 8b 6c 24 38
0x00007ff8f2ff2642:   48 8b 74 24 40 48 83 c4 20 5f c3 48 89 5c 24 30
0x00007ff8f2ff2652:   48 8b d7 48 8b 9e 98 00 00 00 48 8b cb 48 8b 03
0x00007ff8f2ff2662:   ff 10 8b 4b 18 48 8b d7 48 2b 53 08 48 8b 43 20
0x00007ff8f2ff2672:   48 c1 ea 03 48 d3 ea 48 8b ca 48 c1 e9 06 4c 8d
0x00007ff8f2ff2682:   04 c8 0f b6 ca 49 8b 00 80 e1 3f ba 01 00 00 00
0x00007ff8f2ff2692:   48 d3 e2 48 8b c8 48 0b ca 48 3b c8 74 12 f0 49
0x00007ff8f2ff26a2:   0f b1 08 74 25 48 8b c8 48 0b ca 48 3b c8 75 ee
0x00007ff8f2ff26b2:   32 db 48 8b 6c 24 38 0f b6 c3 48 8b 5c 24 30 48
0x00007ff8f2ff26c2:   8b 74 24 40 48 83 c4 20 5f c3 80 3d d0 82 81 00
0x00007ff8f2ff26d2:   00 b3 01 74 15 8b 57 08 8b 0d d8 0b 7b 00 48 d3
0x00007ff8f2ff26e2:   e2 48 03 15 c6 0b 7b 00 eb 04 48 8b 57 08 48 8b
0x00007ff8f2ff26f2:   cf e8 58 a5 ed ff 4c 63 d8 48 8b 86 08 03 00 00
0x00007ff8f2ff2702:   4c 8b 04 e8 49 8b 40 18 8b 88 c0 01 00 00 48 8b
0x00007ff8f2ff2712:   90 b8 01 00 00 48 d3 e2 8b 0d 70 8c 81 00 48 2b
0x00007ff8f2ff2722:   fa 41 8b 50 60 48 d3 ef 44 8b d7 49 23 d2 48 c1 


Stack slot to memory mapping:
stack at sp + 0 slots: 0x0 is NULL
stack at sp + 1 slots: 0x00007ff8f2ff26f8 jvm.dll
stack at sp + 2 slots: 0x0000a6711f52fd06 is an unknown value
stack at sp + 3 slots: 0x0000008d664ff9e0 points into unknown readable memory: 0x00007ff8f3610798 | 98 07 61 f3 f8 7f 00 00
stack at sp + 4 slots: 0x0000000090e2bb00 is an unallocated location in the heap
stack at sp + 5 slots: 0x00007ff8f2ff237f jvm.dll
stack at sp + 6 slots: 0x000001d4d2260000 points into unknown readable memory: 0x00007ff8f3610778 | 78 07 61 f3 f8 7f 00 00
stack at sp + 7 slots: 0x0000008d664ff9e0 points into unknown readable memory: 0x00007ff8f3610798 | 98 07 61 f3 f8 7f 00 00


---------------  P R O C E S S  ---------------

Threads class SMR info:
_java_thread_list=0x000001d4f39e8490, length=32, elements={
0x000001d4d2213970, 0x000001d4d22cf510, 0x000001d4d22d22a0, 0x000001d4d22e54c0,
0x000001d4d22e5f80, 0x000001d4d22e8850, 0x000001d4d22e9110, 0x000001d4d22e9db0,
0x000001d4f1602c50, 0x000001d4f164c0a0, 0x000001d4f204cde0, 0x000001d4f20532d0,
0x000001d4f2fd6490, 0x000001d4f332f6d0, 0x000001d4f2496900, 0x000001d4f28a9170,
0x000001d4f2e501c0, 0x000001d4f2989dc0, 0x000001d4f298bf70, 0x000001d4f2988a80,
0x000001d4f298a290, 0x000001d4f2988f50, 0x000001d4f298c440, 0x000001d4f2989420,
0x000001d4f298a760, 0x000001d4f29898f0, 0x000001d4f298b100, 0x000001d4f298b5d0,
0x000001d4f4d214f0, 0x000001d4f4d24040, 0x000001d4f4d26b90, 0x000001d4f4d24eb0
}

Java Threads: ( => current thread )
  0x000001d4d2213970 JavaThread "main" [_thread_blocked, id=6452, stack(0x0000008d66100000,0x0000008d66200000)]
  0x000001d4d22cf510 JavaThread "Reference Handler" daemon [_thread_blocked, id=3916, stack(0x0000008d66800000,0x0000008d66900000)]
  0x000001d4d22d22a0 JavaThread "Finalizer" daemon [_thread_blocked, id=6348, stack(0x0000008d66900000,0x0000008d66a00000)]
  0x000001d4d22e54c0 JavaThread "Signal Dispatcher" daemon [_thread_blocked, id=4904, stack(0x0000008d66a00000,0x0000008d66b00000)]
  0x000001d4d22e5f80 JavaThread "Attach Listener" daemon [_thread_blocked, id=8908, stack(0x0000008d66b00000,0x0000008d66c00000)]
  0x000001d4d22e8850 JavaThread "Service Thread" daemon [_thread_blocked, id=7652, stack(0x0000008d66c00000,0x0000008d66d00000)]
  0x000001d4d22e9110 JavaThread "Monitor Deflation Thread" daemon [_thread_blocked, id=8760, stack(0x0000008d66d00000,0x0000008d66e00000)]
  0x000001d4d22e9db0 JavaThread "C2 CompilerThread0" daemon [_thread_blocked, id=4164, stack(0x0000008d66e00000,0x0000008d66f00000)]
  0x000001d4f1602c50 JavaThread "C1 CompilerThread0" daemon [_thread_blocked, id=9048, stack(0x0000008d66f00000,0x0000008d67000000)]
  0x000001d4f164c0a0 JavaThread "Sweeper thread" daemon [_thread_blocked, id=7968, stack(0x0000008d67000000,0x0000008d67100000)]
  0x000001d4f204cde0 JavaThread "Common-Cleaner" daemon [_thread_blocked, id=8388, stack(0x0000008d67100000,0x0000008d67200000)]
  0x000001d4f20532d0 JavaThread "Notification Thread" daemon [_thread_blocked, id=3220, stack(0x0000008d67200000,0x0000008d67300000)]
  0x000001d4f2fd6490 JavaThread "Daemon health stats" [_thread_blocked, id=8028, stack(0x0000008d65f00000,0x0000008d66000000)]
  0x000001d4f332f6d0 JavaThread "Incoming local TCP Connector on port 61373" [_thread_in_native, id=8616, stack(0x0000008d67600000,0x0000008d67700000)]
  0x000001d4f2496900 JavaThread "Daemon periodic checks" [_thread_blocked, id=520, stack(0x0000008d67700000,0x0000008d67800000)]
  0x000001d4f28a9170 JavaThread "Daemon" [_thread_blocked, id=4016, stack(0x0000008d67800000,0x0000008d67900000)]
  0x000001d4f2e501c0 JavaThread "Handler for socket connection from /127.0.0.1:61373 to /127.0.0.1:61374" [_thread_in_native, id=5160, stack(0x0000008d67900000,0x0000008d67a00000)]
  0x000001d4f2989dc0 JavaThread "Cancel handler" [_thread_blocked, id=7316, stack(0x0000008d67a00000,0x0000008d67b00000)]
  0x000001d4f298bf70 JavaThread "Daemon worker" [_thread_blocked, id=4728, stack(0x0000008d67b00000,0x0000008d67c00000)]
  0x000001d4f2988a80 JavaThread "Asynchronous log dispatcher for DefaultDaemonConnection: socket connection from /127.0.0.1:61373 to /127.0.0.1:61374" [_thread_blocked, id=8328, stack(0x0000008d67c00000,0x0000008d67d00000)]
  0x000001d4f298a290 JavaThread "Stdin handler" [_thread_blocked, id=7808, stack(0x0000008d67d00000,0x0000008d67e00000)]
  0x000001d4f2988f50 JavaThread "Daemon client event forwarder" [_thread_blocked, id=1556, stack(0x0000008d67e00000,0x0000008d67f00000)]
  0x000001d4f298c440 JavaThread "Cache worker for journal cache (C:\Users\USER\.gradle\caches\journal-1)" [_thread_blocked, id=4040, stack(0x0000008d67f00000,0x0000008d68000000)]
  0x000001d4f2989420 JavaThread "File lock request listener" [_thread_in_native, id=988, stack(0x0000008d68000000,0x0000008d68100000)]
  0x000001d4f298a760 JavaThread "Cache worker for file hash cache (C:\Users\USER\.gradle\caches\7.3.3\fileHashes)" [_thread_blocked, id=8300, stack(0x0000008d68100000,0x0000008d68200000)]
  0x000001d4f29898f0 JavaThread "Cache worker for file hash cache (C:\Users\USER\GratisShops\.gradle\7.3.3\fileHashes)" [_thread_blocked, id=1176, stack(0x0000008d68200000,0x0000008d68300000)]
  0x000001d4f298b100 JavaThread "File watcher server" daemon [_thread_in_native, id=2724, stack(0x0000008d68300000,0x0000008d68400000)]
  0x000001d4f298b5d0 JavaThread "File watcher consumer" daemon [_thread_blocked, id=3208, stack(0x0000008d68400000,0x0000008d68500000)]
  0x000001d4f4d214f0 JavaThread "Cache worker for checksums cache (C:\Users\USER\GratisShops\.gradle\7.3.3\checksums)" [_thread_blocked, id=7560, stack(0x0000008d68500000,0x0000008d68600000)]
  0x000001d4f4d24040 JavaThread "Cache worker for cache directory md-supplier (C:\Users\USER\.gradle\caches\7.3.3\md-supplier)" [_thread_blocked, id=8236, stack(0x0000008d68600000,0x0000008d68700000)]
  0x000001d4f4d26b90 JavaThread "Cache worker for cache directory md-rule (C:\Users\USER\.gradle\caches\7.3.3\md-rule)" [_thread_blocked, id=808, stack(0x0000008d68700000,0x0000008d68800000)]
  0x000001d4f4d24eb0 JavaThread "Cache worker for execution history cache (C:\Users\USER\.gradle\caches\7.3.3\executionHistory)" [_thread_blocked, id=6616, stack(0x0000008d68800000,0x0000008d68900000)]

Other Threads:
  0x000001d4d22c9260 VMThread "VM Thread" [stack: 0x0000008d66700000,0x0000008d66800000] [id=8632]
  0x000001d4d22dc120 WatcherThread [stack: 0x0000008d67300000,0x0000008d67400000] [id=7172]
  0x000001d4d224dd00 GCTaskThread "GC Thread#0" [stack: 0x0000008d66200000,0x0000008d66300000] [id=4224]
  0x000001d4f16bdce0 GCTaskThread "GC Thread#1" [stack: 0x0000008d67400000,0x0000008d67500000] [id=5396]
  0x000001d4d225eb50 ConcurrentGCThread "G1 Main Marker" [stack: 0x0000008d66300000,0x0000008d66400000] [id=3732]
=>0x000001d4d225f470 ConcurrentGCThread "G1 Conc#0" [stack: 0x0000008d66400000,0x0000008d66500000] [id=9076]
  0x000001d4d22a2810 ConcurrentGCThread "G1 Refine#0" [stack: 0x0000008d66500000,0x0000008d66600000] [id=6700]
  0x000001d4d22a3140 ConcurrentGCThread "G1 Service" [stack: 0x0000008d66600000,0x0000008d66700000] [id=9088]

Threads with active compile tasks:

VM state: not at safepoint (normal execution)

VM Mutex/Monitor currently owned by a thread:  ([mutex/lock_event])
[0x000001d4d220fa60] Heap_lock - owner thread: 0x000001d4f298bf70

Heap address: 0x0000000080000000, size: 2048 MB, Compressed Oops mode: 32-bit

CDS archive(s) mapped at: [0x0000000800000000-0x0000000800bc0000-0x0000000800bc0000), size 12320768, SharedBaseAddress: 0x0000000800000000, ArchiveRelocationMode: 0.
Compressed class space mapped at: 0x0000000800c00000-0x0000000840c00000, reserved size: 1073741824
Narrow klass base: 0x0000000800000000, Narrow klass shift: 0, Narrow klass range: 0x100000000

GC Precious Log:
 CPUs: 2 total, 2 available
 Memory: 4083M
 Large Page Support: Disabled
 NUMA Support: Disabled
 Compressed Oops: Enabled (32-bit)
 Heap Region Size: 1M
 Heap Min Capacity: 8M
 Heap Initial Capacity: 64M
 Heap Max Capacity: 2G
 Pre-touch: Disabled
 Parallel Workers: 2
 Concurrent Workers: 1
 Concurrent Refinement Workers: 2
 Periodic GC: Disabled

Heap:
 garbage-first heap   total 65536K, used 22453K [0x0000000080000000, 0x0000000100000000)
  region size 1024K, 5 young (5120K), 3 survivors (3072K)
 Metaspace       used 21534K, committed 21824K, reserved 1073152K
  class space    used 3179K, committed 3328K, reserved 1048576K

Heap Regions: E=young(eden), S=young(survivor), O=old, HS=humongous(starts), HC=humongous(continues), CS=collection set, F=free, OA=open archive, CA=closed archive, TAMS=top-at-mark-start (previous, next)
|   0|0x0000000080000000, 0x0000000080100000, 0x0000000080100000|100%| O|  |TAMS 0x0000000080000000, 0x0000000080100000| Untracked 
|   1|0x0000000080100000, 0x0000000080200000, 0x0000000080200000|100%|HS|  |TAMS 0x0000000080100000, 0x0000000080200000| Complete 
|   2|0x0000000080200000, 0x0000000080300000, 0x0000000080300000|100%|HC|  |TAMS 0x0000000080200000, 0x0000000080300000| Complete 
|   3|0x0000000080300000, 0x0000000080400000, 0x0000000080400000|100%|HC|  |TAMS 0x0000000080300000, 0x0000000080400000| Complete 
|   4|0x0000000080400000, 0x0000000080500000, 0x0000000080500000|100%| O|  |TAMS 0x0000000080400000, 0x0000000080500000| Untracked 
|   5|0x0000000080500000, 0x0000000080600000, 0x0000000080600000|100%| O|  |TAMS 0x0000000080500000, 0x0000000080600000| Untracked 
|   6|0x0000000080600000, 0x0000000080700000, 0x0000000080700000|100%| O|  |TAMS 0x0000000080600000, 0x0000000080700000| Untracked 
|   7|0x0000000080700000, 0x0000000080800000, 0x0000000080800000|100%| O|  |TAMS 0x0000000080700000, 0x0000000080800000| Untracked 
|   8|0x0000000080800000, 0x0000000080900000, 0x0000000080900000|100%| O|  |TAMS 0x0000000080800000, 0x0000000080900000| Untracked 
|   9|0x0000000080900000, 0x0000000080a00000, 0x0000000080a00000|100%| O|  |TAMS 0x0000000080900000, 0x0000000080a00000| Untracked 
|  10|0x0000000080a00000, 0x0000000080b00000, 0x0000000080b00000|100%| O|  |TAMS 0x0000000080a00000, 0x0000000080b00000| Untracked 
|  11|0x0000000080b00000, 0x0000000080c00000, 0x0000000080c00000|100%| O|  |TAMS 0x0000000080b00000, 0x0000000080c00000| Untracked 
|  12|0x0000000080c00000, 0x0000000080d00000, 0x0000000080d00000|100%| O|  |TAMS 0x0000000080c00000, 0x0000000080d00000| Untracked 
|  13|0x0000000080d00000, 0x0000000080e00000, 0x0000000080e00000|100%| O|  |TAMS 0x0000000080d00000, 0x0000000080e00000| Untracked 
|  14|0x0000000080e00000, 0x0000000080f00000, 0x0000000080f00000|100%| O|  |TAMS 0x0000000080e00000, 0x0000000080f00000| Untracked 
|  15|0x0000000080f00000, 0x0000000081000000, 0x0000000081000000|100%| O|  |TAMS 0x0000000080f00000, 0x0000000081000000| Untracked 
|  16|0x0000000081000000, 0x0000000081100000, 0x0000000081100000|100%| O|  |TAMS 0x0000000081000000, 0x0000000081100000| Untracked 
|  17|0x0000000081100000, 0x0000000081200000, 0x0000000081200000|100%| O|  |TAMS 0x0000000081100000, 0x0000000081166400| Untracked 
|  18|0x0000000081200000, 0x0000000081279c00, 0x0000000081300000| 47%| O|  |TAMS 0x0000000081200000, 0x0000000081200000| Untracked 
|  19|0x0000000081300000, 0x0000000081300000, 0x0000000081400000|  0%| F|  |TAMS 0x0000000081300000, 0x0000000081300000| Untracked 
|  20|0x0000000081400000, 0x0000000081400000, 0x0000000081500000|  0%| F|  |TAMS 0x0000000081400000, 0x0000000081400000| Untracked 
|  21|0x0000000081500000, 0x0000000081500000, 0x0000000081600000|  0%| F|  |TAMS 0x0000000081500000, 0x0000000081500000| Untracked 
|  22|0x0000000081600000, 0x0000000081600000, 0x0000000081700000|  0%| F|  |TAMS 0x0000000081600000, 0x0000000081600000| Untracked 
|  23|0x0000000081700000, 0x0000000081700000, 0x0000000081800000|  0%| F|  |TAMS 0x0000000081700000, 0x0000000081700000| Untracked 
|  24|0x0000000081800000, 0x0000000081800000, 0x0000000081900000|  0%| F|  |TAMS 0x0000000081800000, 0x0000000081800000| Untracked 
|  25|0x0000000081900000, 0x0000000081900000, 0x0000000081a00000|  0%| F|  |TAMS 0x0000000081900000, 0x0000000081900000| Untracked 
|  26|0x0000000081a00000, 0x0000000081a00000, 0x0000000081b00000|  0%| F|  |TAMS 0x0000000081a00000, 0x0000000081a00000| Untracked 
|  27|0x0000000081b00000, 0x0000000081b00000, 0x0000000081c00000|  0%| F|  |TAMS 0x0000000081b00000, 0x0000000081b00000| Untracked 
|  28|0x0000000081c00000, 0x0000000081c00000, 0x0000000081d00000|  0%| F|  |TAMS 0x0000000081c00000, 0x0000000081c00000| Untracked 
|  29|0x0000000081d00000, 0x0000000081d00000, 0x0000000081e00000|  0%| F|  |TAMS 0x0000000081d00000, 0x0000000081d00000| Untracked 
|  30|0x0000000081e00000, 0x0000000081e00000, 0x0000000081f00000|  0%| F|  |TAMS 0x0000000081e00000, 0x0000000081e00000| Untracked 
|  31|0x0000000081f00000, 0x0000000081f00000, 0x0000000082000000|  0%| F|  |TAMS 0x0000000081f00000, 0x0000000081f00000| Untracked 
|  32|0x0000000082000000, 0x0000000082000000, 0x0000000082100000|  0%| F|  |TAMS 0x0000000082000000, 0x0000000082000000| Untracked 
|  33|0x0000000082100000, 0x0000000082100000, 0x0000000082200000|  0%| F|  |TAMS 0x0000000082100000, 0x0000000082100000| Untracked 
|  34|0x0000000082200000, 0x0000000082200000, 0x0000000082300000|  0%| F|  |TAMS 0x0000000082200000, 0x0000000082200000| Untracked 
|  35|0x0000000082300000, 0x0000000082300000, 0x0000000082400000|  0%| F|  |TAMS 0x0000000082300000, 0x0000000082300000| Untracked 
|  36|0x0000000082400000, 0x0000000082400000, 0x0000000082500000|  0%| F|  |TAMS 0x0000000082400000, 0x0000000082400000| Untracked 
|  37|0x0000000082500000, 0x0000000082500000, 0x0000000082600000|  0%| F|  |TAMS 0x0000000082500000, 0x0000000082500000| Untracked 
|  38|0x0000000082600000, 0x0000000082600000, 0x0000000082700000|  0%| F|  |TAMS 0x0000000082600000, 0x0000000082600000| Untracked 
|  39|0x0000000082700000, 0x0000000082700000, 0x0000000082800000|  0%| F|  |TAMS 0x0000000082700000, 0x0000000082700000| Untracked 
|  40|0x0000000082800000, 0x0000000082800000, 0x0000000082900000|  0%| F|  |TAMS 0x0000000082800000, 0x0000000082800000| Untracked 
|  41|0x0000000082900000, 0x0000000082900000, 0x0000000082a00000|  0%| F|  |TAMS 0x0000000082900000, 0x0000000082900000| Untracked 
|  42|0x0000000082a00000, 0x0000000082a00000, 0x0000000082b00000|  0%| F|  |TAMS 0x0000000082a00000, 0x0000000082a00000| Untracked 
|  43|0x0000000082b00000, 0x0000000082b00000, 0x0000000082c00000|  0%| F|  |TAMS 0x0000000082b00000, 0x0000000082b00000| Untracked 
|  44|0x0000000082c00000, 0x0000000082c73920, 0x0000000082d00000| 45%| S|CS|TAMS 0x0000000082c00000, 0x0000000082c00000| Complete 
|  45|0x0000000082d00000, 0x0000000082e00000, 0x0000000082e00000|100%| S|CS|TAMS 0x0000000082d00000, 0x0000000082d00000| Complete 
|  46|0x0000000082e00000, 0x0000000082f00000, 0x0000000082f00000|100%| S|CS|TAMS 0x0000000082e00000, 0x0000000082e00000| Complete 
|  47|0x0000000082f00000, 0x0000000082f00000, 0x0000000083000000|  0%| F|  |TAMS 0x0000000082f00000, 0x0000000082f00000| Untracked 
|  48|0x0000000083000000, 0x0000000083000000, 0x0000000083100000|  0%| F|  |TAMS 0x0000000083000000, 0x0000000083000000| Untracked 
|  49|0x0000000083100000, 0x0000000083100000, 0x0000000083200000|  0%| F|  |TAMS 0x0000000083100000, 0x0000000083100000| Untracked 
|  50|0x0000000083200000, 0x0000000083200000, 0x0000000083300000|  0%| F|  |TAMS 0x0000000083200000, 0x0000000083200000| Untracked 
|  51|0x0000000083300000, 0x0000000083300000, 0x0000000083400000|  0%| F|  |TAMS 0x0000000083300000, 0x0000000083300000| Untracked 
|  52|0x0000000083400000, 0x0000000083400000, 0x0000000083500000|  0%| F|  |TAMS 0x0000000083400000, 0x0000000083400000| Untracked 
|  53|0x0000000083500000, 0x0000000083500000, 0x0000000083600000|  0%| F|  |TAMS 0x0000000083500000, 0x0000000083500000| Untracked 
|  54|0x0000000083600000, 0x0000000083600000, 0x0000000083700000|  0%| F|  |TAMS 0x0000000083600000, 0x0000000083600000| Untracked 
|  55|0x0000000083700000, 0x0000000083700000, 0x0000000083800000|  0%| F|  |TAMS 0x0000000083700000, 0x0000000083700000| Untracked 
|  56|0x0000000083800000, 0x0000000083800000, 0x0000000083900000|  0%| F|  |TAMS 0x0000000083800000, 0x0000000083800000| Untracked 
|  57|0x0000000083900000, 0x0000000083900000, 0x0000000083a00000|  0%| F|  |TAMS 0x0000000083900000, 0x0000000083900000| Untracked 
|  58|0x0000000083a00000, 0x0000000083a00000, 0x0000000083b00000|  0%| F|  |TAMS 0x0000000083a00000, 0x0000000083a00000| Untracked 
|  59|0x0000000083b00000, 0x0000000083b00000, 0x0000000083c00000|  0%| F|  |TAMS 0x0000000083b00000, 0x0000000083b00000| Untracked 
|  60|0x0000000083c00000, 0x0000000083c00000, 0x0000000083d00000|  0%| F|  |TAMS 0x0000000083c00000, 0x0000000083c00000| Untracked 
|  61|0x0000000083d00000, 0x0000000083d00000, 0x0000000083e00000|  0%| F|  |TAMS 0x0000000083d00000, 0x0000000083d00000| Untracked 
|  62|0x0000000083e00000, 0x0000000083efae88, 0x0000000083f00000| 98%| E|  |TAMS 0x0000000083e00000, 0x0000000083e00000| Complete 
|  63|0x0000000083f00000, 0x0000000084000000, 0x0000000084000000|100%| E|CS|TAMS 0x0000000083f00000, 0x0000000083f00000| Complete 

Card table byte_map: [0x000001d4eaa50000,0x000001d4eae50000] _byte_map_base: 0x000001d4ea650000

Marking Bits (Prev, Next): (CMBitMap*) 0x000001d4d224e220, (CMBitMap*) 0x000001d4d224e260
 Prev Bits: [0x000001d4eb250000, 0x000001d4ed250000)
 Next Bits: [0x000001d4ed250000, 0x000001d4ef250000)

Polling page: 0x000001d4d20c0000

Metaspace:

Usage:
  Non-class:     17.92 MB used.
      Class:      3.11 MB used.
       Both:     21.03 MB used.

Virtual space:
  Non-class space:       24.00 MB reserved,      18.06 MB ( 75%) committed,  3 nodes.
      Class space:        1.00 GB reserved,       3.25 MB ( <1%) committed,  1 nodes.
             Both:        1.02 GB reserved,      21.31 MB (  2%) committed. 

Chunk freelists:
   Non-Class:  1.94 MB
       Class:  736.00 KB
        Both:  2.66 MB

MaxMetaspaceSize: unlimited
CompressedClassSpaceSize: 1.00 GB
Initial GC threshold: 21.00 MB
Current GC threshold: 21.31 MB
CDS: on
MetaspaceReclaimPolicy: balanced
 - commit_granule_bytes: 65536.
 - commit_granule_words: 8192.
 - virtual_space_node_default_size: 1048576.
 - enlarge_chunks_in_place: 1.
 - new_chunks_are_fully_committed: 0.
 - uncommit_free_chunks: 1.
 - use_allocation_guard: 0.
 - handle_deallocations: 1.


Internal statistics:

num_allocs_failed_limit: 5.
num_arena_births: 222.
num_arena_deaths: 0.
num_vsnodes_births: 4.
num_vsnodes_deaths: 0.
num_space_committed: 341.
num_space_uncommitted: 0.
num_chunks_returned_to_freelist: 5.
num_chunks_taken_from_freelist: 986.
num_chunk_merges: 5.
num_chunk_splits: 670.
num_chunks_enlarged: 489.
num_purges: 0.
num_inconsistent_stats: 0.

CodeHeap 'non-profiled nmethods': size=120064Kb used=1341Kb max_used=1341Kb free=118722Kb
 bounds [0x000001d4e2d10000, 0x000001d4e2f80000, 0x000001d4ea250000]
CodeHeap 'profiled nmethods': size=120000Kb used=5741Kb max_used=5741Kb free=114258Kb
 bounds [0x000001d4db7e0000, 0x000001d4dbd80000, 0x000001d4e2d10000]
CodeHeap 'non-nmethods': size=5696Kb used=1223Kb max_used=1254Kb free=4472Kb
 bounds [0x000001d4db250000, 0x000001d4db4c0000, 0x000001d4db7e0000]
 total_blobs=3240 nmethods=2709 adapters=444
 compilation: enabled
              stopped_count=0, restarted_count=0
 full_count=0

Compilation events (20 events):
Event: 90.835 Thread 0x000001d4f1602c50 2701       3       java.lang.Class::getMethodsRecursive (99 bytes)
Event: 90.836 Thread 0x000001d4f1602c50 nmethod 2701 0x000001d4dbd76e90 code [0x000001d4dbd770c0, 0x000001d4dbd77668]
Event: 90.836 Thread 0x000001d4f1602c50 2702       3       java.lang.PublicMethods$MethodList::filter (104 bytes)
Event: 90.837 Thread 0x000001d4f1602c50 nmethod 2702 0x000001d4dbd77990 code [0x000001d4dbd77bc0, 0x000001d4dbd78638]
Event: 90.865 Thread 0x000001d4f1602c50 2703       3       com.google.common.base.Preconditions::checkArgument (28 bytes)
Event: 90.866 Thread 0x000001d4f1602c50 nmethod 2703 0x000001d4dbd78b10 code [0x000001d4dbd78d00, 0x000001d4dbd79338]
Event: 90.866 Thread 0x000001d4f1602c50 2704       3       com.google.common.io.BaseEncoding$Alphabet::encode (7 bytes)
Event: 90.866 Thread 0x000001d4f1602c50 nmethod 2704 0x000001d4dbd79590 code [0x000001d4dbd79720, 0x000001d4dbd79858]
Event: 90.944 Thread 0x000001d4f1602c50 2705   !   3       java.lang.ref.ReferenceQueue::remove (125 bytes)
Event: 90.945 Thread 0x000001d4f1602c50 nmethod 2705 0x000001d4dbd79910 code [0x000001d4dbd79b20, 0x000001d4dbd7a2b8]
Event: 90.945 Thread 0x000001d4f1602c50 2706   !   3       jdk.internal.ref.PhantomCleanable::isListEmpty (34 bytes)
Event: 90.945 Thread 0x000001d4f1602c50 nmethod 2706 0x000001d4dbd7a610 code [0x000001d4dbd7a7a0, 0x000001d4dbd7a9f8]
Event: 90.945 Thread 0x000001d4f1602c50 2707       3       jdk.internal.misc.InnocuousThread::eraseThreadLocals (23 bytes)
Event: 90.945 Thread 0x000001d4f1602c50 nmethod 2707 0x000001d4dbd7ab10 code [0x000001d4dbd7aca0, 0x000001d4dbd7ae98]
Event: 90.971 Thread 0x000001d4f1602c50 2708       1       java.util.concurrent.CopyOnWriteArrayList::getArray (5 bytes)
Event: 90.972 Thread 0x000001d4f1602c50 nmethod 2708 0x000001d4e2e5f190 code [0x000001d4e2e5f320, 0x000001d4e2e5f3f8]
Event: 90.977 Thread 0x000001d4f1602c50 2709       3       java.util.concurrent.ConcurrentHashMap::remove (8 bytes)
Event: 90.977 Thread 0x000001d4f1602c50 nmethod 2709 0x000001d4dbd7af10 code [0x000001d4dbd7b0c0, 0x000001d4dbd7b208]
Event: 91.004 Thread 0x000001d4f1602c50 2710       3       java.lang.invoke.Invokers::checkCustomized (23 bytes)
Event: 91.005 Thread 0x000001d4f1602c50 nmethod 2710 0x000001d4dbd7b290 code [0x000001d4dbd7b440, 0x000001d4dbd7b608]

GC Heap History (18 events):
Event: 7.263 GC heap before
{Heap before GC invocations=0 (full 0):
 garbage-first heap   total 65536K, used 6144K [0x0000000080000000, 0x0000000100000000)
  region size 1024K, 6 young (6144K), 0 survivors (0K)
 Metaspace       used 626K, committed 768K, reserved 1056768K
  class space    used 54K, committed 128K, reserved 1048576K
}
Event: 7.287 GC heap after
{Heap after GC invocations=1 (full 0):
 garbage-first heap   total 65536K, used 1333K [0x0000000080000000, 0x0000000100000000)
  region size 1024K, 1 young (1024K), 1 survivors (1024K)
 Metaspace       used 626K, committed 768K, reserved 1056768K
  class space    used 54K, committed 128K, reserved 1048576K
}
Event: 9.783 GC heap before
{Heap before GC invocations=1 (full 0):
 garbage-first heap   total 65536K, used 8501K [0x0000000080000000, 0x0000000100000000)
  region size 1024K, 6 young (6144K), 1 survivors (1024K)
 Metaspace       used 936K, committed 1088K, reserved 1056768K
  class space    used 74K, committed 128K, reserved 1048576K
}
Event: 9.800 GC heap after
{Heap after GC invocations=2 (full 0):
 garbage-first heap   total 65536K, used 3328K [0x0000000080000000, 0x0000000100000000)
  region size 1024K, 1 young (1024K), 1 survivors (1024K)
 Metaspace       used 936K, committed 1088K, reserved 1056768K
  class space    used 74K, committed 128K, reserved 1048576K
}
Event: 21.744 GC heap before
{Heap before GC invocations=2 (full 0):
 garbage-first heap   total 65536K, used 14592K [0x0000000080000000, 0x0000000100000000)
  region size 1024K, 10 young (10240K), 1 survivors (1024K)
 Metaspace       used 2904K, committed 3072K, reserved 1056768K
  class space    used 371K, committed 448K, reserved 1048576K
}
Event: 21.761 GC heap after
{Heap after GC invocations=3 (full 0):
 garbage-first heap   total 65536K, used 9050K [0x0000000080000000, 0x0000000100000000)
  region size 1024K, 2 young (2048K), 2 survivors (2048K)
 Metaspace       used 2904K, committed 3072K, reserved 1056768K
  class space    used 371K, committed 448K, reserved 1048576K
}
Event: 24.987 GC heap before
{Heap before GC invocations=3 (full 0):
 garbage-first heap   total 65536K, used 19290K [0x0000000080000000, 0x0000000100000000)
  region size 1024K, 13 young (13312K), 2 survivors (2048K)
 Metaspace       used 3819K, committed 4032K, reserved 1056768K
  class space    used 473K, committed 576K, reserved 1048576K
}
Event: 25.006 GC heap after
{Heap after GC invocations=4 (full 0):
 garbage-first heap   total 65536K, used 9575K [0x0000000080000000, 0x0000000100000000)
  region size 1024K, 1 young (1024K), 1 survivors (1024K)
 Metaspace       used 3819K, committed 4032K, reserved 1056768K
  class space    used 473K, committed 576K, reserved 1048576K
}
Event: 63.434 GC heap before
{Heap before GC invocations=4 (full 0):
 garbage-first heap   total 65536K, used 42343K [0x0000000080000000, 0x0000000100000000)
  region size 1024K, 33 young (33792K), 1 survivors (1024K)
 Metaspace       used 6266K, committed 6464K, reserved 1056768K
  class space    used 873K, committed 960K, reserved 1048576K
}
Event: 63.454 GC heap after
{Heap after GC invocations=5 (full 0):
 garbage-first heap   total 65536K, used 15151K [0x0000000080000000, 0x0000000100000000)
  region size 1024K, 5 young (5120K), 5 survivors (5120K)
 Metaspace       used 6266K, committed 6464K, reserved 1056768K
  class space    used 873K, committed 960K, reserved 1048576K
}
Event: 78.071 GC heap before
{Heap before GC invocations=5 (full 0):
 garbage-first heap   total 65536K, used 34607K [0x0000000080000000, 0x0000000100000000)
  region size 1024K, 25 young (25600K), 5 survivors (5120K)
 Metaspace       used 11437K, committed 11648K, reserved 1064960K
  class space    used 1624K, committed 1728K, reserved 1048576K
}
Event: 78.089 GC heap after
{Heap after GC invocations=6 (full 0):
 garbage-first heap   total 65536K, used 17643K [0x0000000080000000, 0x0000000100000000)
  region size 1024K, 2 young (2048K), 2 survivors (2048K)
 Metaspace       used 11437K, committed 11648K, reserved 1064960K
  class space    used 1624K, committed 1728K, reserved 1048576K
}
Event: 83.116 GC heap before
{Heap before GC invocations=6 (full 0):
 garbage-first heap   total 65536K, used 38123K [0x0000000080000000, 0x0000000100000000)
  region size 1024K, 23 young (23552K), 2 survivors (2048K)
 Metaspace       used 15089K, committed 15360K, reserved 1064960K
  class space    used 2177K, committed 2304K, reserved 1048576K
}
Event: 83.127 GC heap after
{Heap after GC invocations=7 (full 0):
 garbage-first heap   total 65536K, used 19227K [0x0000000080000000, 0x0000000100000000)
  region size 1024K, 2 young (2048K), 2 survivors (2048K)
 Metaspace       used 15089K, committed 15360K, reserved 1064960K
  class space    used 2177K, committed 2304K, reserved 1048576K
}
Event: 89.195 GC heap before
{Heap before GC invocations=7 (full 0):
 garbage-first heap   total 65536K, used 41755K [0x0000000080000000, 0x0000000100000000)
  region size 1024K, 25 young (25600K), 2 survivors (2048K)
 Metaspace       used 18972K, committed 19328K, reserved 1073152K
  class space    used 2775K, committed 2944K, reserved 1048576K
}
Event: 89.215 GC heap after
{Heap after GC invocations=8 (full 0):
 garbage-first heap   total 65536K, used 20526K [0x0000000080000000, 0x0000000100000000)
  region size 1024K, 3 young (3072K), 3 survivors (3072K)
 Metaspace       used 18972K, committed 19328K, reserved 1073152K
  class space    used 2775K, committed 2944K, reserved 1048576K
}
Event: 90.921 GC heap before
{Heap before GC invocations=8 (full 0):
 garbage-first heap   total 65536K, used 36910K [0x0000000080000000, 0x0000000100000000)
  region size 1024K, 20 young (20480K), 3 survivors (3072K)
 Metaspace       used 21261K, committed 21504K, reserved 1073152K
  class space    used 3152K, committed 3264K, reserved 1048576K
}
Event: 90.941 GC heap after
{Heap after GC invocations=9 (full 0):
 garbage-first heap   total 65536K, used 21429K [0x0000000080000000, 0x0000000100000000)
  region size 1024K, 3 young (3072K), 3 survivors (3072K)
 Metaspace       used 21261K, committed 21504K, reserved 1073152K
  class space    used 3152K, committed 3264K, reserved 1048576K
}

Deoptimization events (20 events):
Event: 85.328 Thread 0x000001d4f298bf70 Uncommon trap: trap_request=0xffffffc6 fr.pc=0x000001d4e2dfb56c relative=0x0000000000000b6c
Event: 85.328 Thread 0x000001d4f298bf70 Uncommon trap: reason=bimorphic_or_optimized_type_check action=maybe_recompile pc=0x000001d4e2dfb56c method=java.util.HashMap.getNode(Ljava/lang/Object;)Ljava/util/HashMap$Node; @ 63 c2
Event: 85.328 Thread 0x000001d4f298bf70 DEOPT PACKING pc=0x000001d4e2dfb56c sp=0x0000008d67bfba10
Event: 85.328 Thread 0x000001d4f298bf70 DEOPT UNPACKING pc=0x000001d4db2a239d sp=0x0000008d67bfb948 mode 2
Event: 85.328 Thread 0x000001d4f298bf70 Uncommon trap: trap_request=0xffffff45 fr.pc=0x000001d4e2d4c5a4 relative=0x00000000000001e4
Event: 85.328 Thread 0x000001d4f298bf70 Uncommon trap: reason=unstable_if action=reinterpret pc=0x000001d4e2d4c5a4 method=java.util.HashMap.getNode(Ljava/lang/Object;)Ljava/util/HashMap$Node; @ 66 c2
Event: 85.328 Thread 0x000001d4f298bf70 DEOPT PACKING pc=0x000001d4e2d4c5a4 sp=0x0000008d67bfb9c0
Event: 85.328 Thread 0x000001d4f298bf70 DEOPT UNPACKING pc=0x000001d4db2a239d sp=0x0000008d67bfb950 mode 2
Event: 85.845 Thread 0x000001d4f298bf70 Uncommon trap: trap_request=0xffffff45 fr.pc=0x000001d4e2da5e30 relative=0x0000000000000370
Event: 85.845 Thread 0x000001d4f298bf70 Uncommon trap: reason=unstable_if action=reinterpret pc=0x000001d4e2da5e30 method=java.util.concurrent.ConcurrentHashMap.get(Ljava/lang/Object;)Ljava/lang/Object; @ 152 c2
Event: 85.845 Thread 0x000001d4f298bf70 DEOPT PACKING pc=0x000001d4e2da5e30 sp=0x0000008d67bfaf70
Event: 85.846 Thread 0x000001d4f298bf70 DEOPT UNPACKING pc=0x000001d4db2a239d sp=0x0000008d67bfaef8 mode 2
Event: 88.525 Thread 0x000001d4f298bf70 Uncommon trap: trap_request=0xffffff76 fr.pc=0x000001d4e2e3cd14 relative=0x0000000000000174
Event: 88.525 Thread 0x000001d4f298bf70 Uncommon trap: reason=predicate action=maybe_recompile pc=0x000001d4e2e3cd14 method=com.google.common.base.CharMatcher.indexIn(Ljava/lang/CharSequence;I)I @ 19 c2
Event: 88.525 Thread 0x000001d4f298bf70 DEOPT PACKING pc=0x000001d4e2e3cd14 sp=0x0000008d67bfb500
Event: 88.525 Thread 0x000001d4f298bf70 DEOPT UNPACKING pc=0x000001d4db2a239d sp=0x0000008d67bfb490 mode 2
Event: 90.245 Thread 0x000001d4f298bf70 Uncommon trap: trap_request=0xffffff45 fr.pc=0x000001d4e2d62e50 relative=0x0000000000000410
Event: 90.245 Thread 0x000001d4f298bf70 Uncommon trap: reason=unstable_if action=reinterpret pc=0x000001d4e2d62e50 method=java.util.HashMap.hash(Ljava/lang/Object;)I @ 1 c2
Event: 90.245 Thread 0x000001d4f298bf70 DEOPT PACKING pc=0x000001d4e2d62e50 sp=0x0000008d67bf8950
Event: 90.245 Thread 0x000001d4f298bf70 DEOPT UNPACKING pc=0x000001d4db2a239d sp=0x0000008d67bf87f8 mode 2

Classes unloaded (0 events):
No events

Classes redefined (0 events):
No events

Internal exceptions (20 events):
Event: 88.567 Thread 0x000001d4f298bf70 Exception <a 'java/lang/NoSuchMethodError'{0x0000000082eb3298}: 'void java.lang.invoke.DirectMethodHandle$Holder.invokeStatic(java.lang.Object, java.lang.Object, java.lang.Object, java.lang.Object)'> (0x0000000082eb3298) 
thrown [t:\workspace\open\src\hotspot\share\interpreter\linkResolver.cpp, line 766]
Event: 88.640 Thread 0x000001d4f298bf70 Exception <a 'java/lang/NoSuchMethodError'{0x0000000082ee4c00}: 'java.lang.Object java.lang.invoke.DirectMethodHandle$Holder.invokeVirtual(java.lang.Object, java.lang.Object, java.lang.Object)'> (0x0000000082ee4c00) 
thrown [t:\workspace\open\src\hotspot\share\interpreter\linkResolver.cpp, line 766]
Event: 88.645 Thread 0x000001d4f298bf70 Exception <a 'java/lang/NoSuchMethodError'{0x0000000082eef650}: 'java.lang.Object java.lang.invoke.DirectMethodHandle$Holder.invokeStaticInit(java.lang.Object, java.lang.Object, java.lang.Object)'> (0x0000000082eef650) 
thrown [t:\workspace\open\src\hotspot\share\interpreter\linkResolver.cpp, line 766]
Event: 88.652 Thread 0x000001d4f298bf70 Exception <a 'java/lang/NoSuchMethodError'{0x0000000082d01820}: 'int java.lang.invoke.DirectMethodHandle$Holder.invokeVirtual(java.lang.Object, java.lang.Object)'> (0x0000000082d01820) 
thrown [t:\workspace\open\src\hotspot\share\interpreter\linkResolver.cpp, line 766]
Event: 88.700 Thread 0x000001d4f298bf70 Exception <a 'java/lang/NoSuchMethodError'{0x0000000082d396b0}: 'int java.lang.invoke.DirectMethodHandle$Holder.invokeVirtual(java.lang.Object, java.lang.Object, java.lang.Object)'> (0x0000000082d396b0) 
thrown [t:\workspace\open\src\hotspot\share\interpreter\linkResolver.cpp, line 766]
Event: 89.582 Thread 0x000001d4f298bf70 Exception <a 'java/lang/NoSuchMethodError'{0x0000000083e9a458}: 'java.lang.Object java.lang.invoke.DirectMethodHandle$Holder.invokeSpecialIFC(java.lang.Object, java.lang.Object, java.lang.Object, java.lang.Object)'> (0x0000000083e9a458) 
thrown [t:\workspace\open\src\hotspot\share\interpreter\linkResolver.cpp, line 766]
Event: 89.623 Thread 0x000001d4f298bf70 Exception <a 'java/lang/NoSuchMethodError'{0x0000000083d0f208}: 'java.lang.Object java.lang.invoke.DirectMethodHandle$Holder.invokeSpecial(java.lang.Object, java.lang.Object, java.lang.Object, java.lang.Object, java.lang.Object, java.lang.Object, java.lang.Object, java.lang.Object, java.lang.Object, java.lang.Object, java.lang.Object, java.lang.Object, java.lang.Object)'> (0x0000000083d0f208) 
thrown [t:\workspace\open\src\hotspot\share\interpreter\linkResolver.cpp, line 766]
Event: 89.625 Thread 0x000001d4f298bf70 Exception <a 'java/lang/NoSuchMethodError'{0x0000000083d20a30}: 'java.lang.Object java.lang.invoke.DirectMethodHandle$Holder.newInvokeSpecial(java.lang.Object, java.lang.Object, java.lang.Object, java.lang.Object, java.lang.Object, java.lang.Object, java.lang.Object, java.lang.Object, java.lang.Object, java.lang.Object, java.lang.Object)'> (0x0000000083d20a30) 
thrown [t:\workspace\open\src\hotspot\share\interpreter\linkResolver.cpp, line 766]
Event: 89.626 Thread 0x000001d4f298bf70 Exception <a 'java/lang/NoSuchMethodError'{0x0000000083d26660}: 'java.lang.Object java.lang.invoke.DirectMethodHandle$Holder.invokeSpecial(java.lang.Object, java.lang.Object, java.lang.Object, java.lang.Object, java.lang.Object, java.lang.Object, java.lang.Object, java.lang.Object, java.lang.Object, java.lang.Object, java.lang.Object, java.lang.Object)'> (0x0000000083d26660) 
thrown [t:\workspace\open\src\hotspot\share\interpreter\linkResolver.cpp, line 766]
Event: 89.626 Thread 0x000001d4f298bf70 Exception <a 'java/lang/NoSuchMethodError'{0x0000000083d2ba50}: 'java.lang.Object java.lang.invoke.Invokers$Holder.linkToTargetMethod(java.lang.Object, java.lang.Object, java.lang.Object, java.lang.Object, java.lang.Object, java.lang.Object, java.lang.Object, java.lang.Object, java.lang.Object, java.lang.Object, java.lang.Object)'> (0x0000000083d2ba50) 
thrown [t:\workspace\open\src\hotspot\share\interpreter\linkResolver.cpp, line 766]
Event: 89.773 Thread 0x000001d4f298bf70 Exception <a 'java/lang/NoSuchMethodError'{0x0000000083dc0be0}: 'java.lang.Object java.lang.invoke.DirectMethodHandle$Holder.invokeSpecial(java.lang.Object, java.lang.Object, java.lang.Object, java.lang.Object, java.lang.Object, java.lang.Object, java.lang.Object, java.lang.Object, java.lang.Object, java.lang.Object, java.lang.Object, java.lang.Object, java.lang.Object, java.lang.Object)'> (0x0000000083dc0be0) 
thrown [t:\workspace\open\src\hotspot\share\interpreter\linkResolver.cpp, line 766]
Event: 89.775 Thread 0x000001d4f298bf70 Exception <a 'java/lang/NoSuchMethodError'{0x0000000083ddc550}: 'java.lang.Object java.lang.invoke.DirectMethodHandle$Holder.newInvokeSpecial(java.lang.Object, java.lang.Object, java.lang.Object, java.lang.Object, java.lang.Object, java.lang.Object, java.lang.Object, java.lang.Object, java.lang.Object, java.lang.Object, java.lang.Object, java.lang.Object)'> (0x0000000083ddc550) 
thrown [t:\workspace\open\src\hotspot\share\interpreter\linkResolver.cpp, line 766]
Event: 89.775 Thread 0x000001d4f298bf70 Exception <a 'java/lang/NoSuchMethodError'{0x0000000083de1c40}: 'java.lang.Object java.lang.invoke.Invokers$Holder.linkToTargetMethod(java.lang.Object, java.lang.Object, java.lang.Object, java.lang.Object, java.lang.Object, java.lang.Object, java.lang.Object, java.lang.Object, java.lang.Object, java.lang.Object, java.lang.Object, java.lang.Object)'> (0x0000000083de1c40) 
thrown [t:\workspace\open\src\hotspot\share\interpreter\linkResolver.cpp, line 766]
Event: 89.820 Thread 0x000001d4f298bf70 Exception <a 'java/lang/NoSuchMethodError'{0x0000000083c725b0}: 'java.lang.Object java.lang.invoke.DirectMethodHandle$Holder.invokeStaticInit(java.lang.Object, java.lang.Object, java.lang.Object, java.lang.Object)'> (0x0000000083c725b0) 
thrown [t:\workspace\open\src\hotspot\share\interpreter\linkResolver.cpp, line 766]
Event: 90.245 Thread 0x000001d4f298bf70 Implicit null exception at 0x000001d4e2d62a93 to 0x000001d4e2d62e38
Event: 90.800 Thread 0x000001d4f298bf70 Exception <a 'java/lang/NoSuchMethodError'{0x000000008318cbd8}: 'java.lang.Object java.lang.invoke.DirectMethodHandle$Holder.newInvokeSpecial(java.lang.Object, java.lang.Object, java.lang.Object, java.lang.Object, java.lang.Object, java.lang.Object, java.lang.Object, java.lang.Object)'> (0x000000008318cbd8) 
thrown [t:\workspace\open\src\hotspot\share\interpreter\linkResolver.cpp, line 766]
Event: 90.801 Thread 0x000001d4f298bf70 Exception <a 'java/lang/NoSuchMethodError'{0x00000000831929b8}: 'java.lang.Object java.lang.invoke.Invokers$Holder.linkToTargetMethod(java.lang.Object, java.lang.Object, java.lang.Object, java.lang.Object, java.lang.Object, java.lang.Object, java.lang.Object, java.lang.Object)'> (0x00000000831929b8) 
thrown [t:\workspace\open\src\hotspot\share\interpreter\linkResolver.cpp, line 766]
Event: 90.812 Thread 0x000001d4f298bf70 Exception <a 'java/lang/NoSuchMethodError'{0x00000000831c3868}: 'java.lang.Object java.lang.invoke.DirectMethodHandle$Holder.newInvokeSpecial(java.lang.Object, java.lang.Object, java.lang.Object, java.lang.Object, java.lang.Object, java.lang.Object, java.lang.Object)'> (0x00000000831c3868) 
thrown [t:\workspace\open\src\hotspot\share\interpreter\linkResolver.cpp, line 766]
Event: 90.812 Thread 0x000001d4f298bf70 Exception <a 'java/lang/NoSuchMethodError'{0x00000000831c8a88}: 'java.lang.Object java.lang.invoke.Invokers$Holder.linkToTargetMethod(java.lang.Object, java.lang.Object, java.lang.Object, java.lang.Object, java.lang.Object, java.lang.Object, java.lang.Object)'> (0x00000000831c8a88) 
thrown [t:\workspace\open\src\hotspot\share\interpreter\linkResolver.cpp, line 766]
Event: 90.821 Thread 0x000001d4f298bf70 Exception <a 'java/lang/IncompatibleClassChangeError'{0x00000000831f7580}: Found class java.lang.Object, but interface was expected> (0x00000000831f7580) 
thrown [t:\workspace\open\src\hotspot\share\interpreter\linkResolver.cpp, line 833]

VM Operations (20 events):
Event: 83.127 Executing VM operation: G1CollectForAllocation done
Event: 84.156 Executing VM operation: Cleanup
Event: 84.156 Executing VM operation: Cleanup done
Event: 85.162 Executing VM operation: Cleanup
Event: 85.206 Executing VM operation: Cleanup done
Event: 86.213 Executing VM operation: Cleanup
Event: 86.213 Executing VM operation: Cleanup done
Event: 87.215 Executing VM operation: Cleanup
Event: 87.216 Executing VM operation: Cleanup done
Event: 88.219 Executing VM operation: Cleanup
Event: 88.219 Executing VM operation: Cleanup done
Event: 89.195 Executing VM operation: G1CollectForAllocation
Event: 89.216 Executing VM operation: G1CollectForAllocation done
Event: 90.216 Executing VM operation: Cleanup
Event: 90.217 Executing VM operation: Cleanup done
Event: 90.248 Executing VM operation: HandshakeAllThreads
Event: 90.248 Executing VM operation: HandshakeAllThreads done
Event: 90.920 Executing VM operation: CollectForMetadataAllocation
Event: 90.944 Executing VM operation: CollectForMetadataAllocation done
Event: 91.016 Executing VM operation: CollectForMetadataAllocation

Events (20 events):
Event: 88.687 loading class java/util/stream/MatchOps
Event: 88.687 loading class java/util/stream/MatchOps done
Event: 88.687 loading class java/util/stream/MatchOps$MatchOp
Event: 88.687 loading class java/util/stream/MatchOps$MatchOp done
Event: 88.688 loading class java/util/stream/MatchOps$BooleanTerminalSink
Event: 88.698 loading class java/util/stream/MatchOps$BooleanTerminalSink done
Event: 88.698 loading class java/util/stream/MatchOps$1MatchSink
Event: 88.699 loading class java/util/stream/MatchOps$1MatchSink done
Event: 89.514 Thread 0x000001d4f4d214f0 Thread added: 0x000001d4f4d214f0
Event: 89.954 Thread 0x000001d4f4d24040 Thread added: 0x000001d4f4d24040
Event: 90.251 loading class java/lang/Class$EnclosingMethodInfo
Event: 90.251 loading class java/lang/Class$EnclosingMethodInfo done
Event: 90.254 loading class sun/reflect/generics/tree/IntSignature
Event: 90.254 loading class sun/reflect/generics/tree/IntSignature done
Event: 90.254 loading class sun/reflect/generics/tree/ArrayTypeSignature
Event: 90.254 loading class sun/reflect/generics/tree/ArrayTypeSignature done
Event: 90.262 loading class java/lang/SafeVarargs
Event: 90.262 loading class java/lang/SafeVarargs done
Event: 90.545 Thread 0x000001d4f4d26b90 Thread added: 0x000001d4f4d26b90
Event: 90.971 Thread 0x000001d4f4d24eb0 Thread added: 0x000001d4f4d24eb0


Dynamic libraries:
0x00007ff6db300000 - 0x00007ff6db310000 	C:\Program Files\Java\jdk-17.0.2\bin\java.exe
0x00007ff93c570000 - 0x00007ff93c768000 	C:\Windows\SYSTEM32\ntdll.dll
0x00007ff93a730000 - 0x00007ff93a7ed000 	C:\Windows\System32\KERNEL32.DLL
0x00007ff93a180000 - 0x00007ff93a44e000 	C:\Windows\System32\KERNELBASE.dll
0x00007ff939f30000 - 0x00007ff93a030000 	C:\Windows\System32\ucrtbase.dll
0x00007ff921800000 - 0x00007ff921818000 	C:\Program Files\Java\jdk-17.0.2\bin\jli.dll
0x00007ff93c1e0000 - 0x00007ff93c28e000 	C:\Windows\System32\ADVAPI32.dll
0x00007ff93b290000 - 0x00007ff93b32e000 	C:\Windows\System32\msvcrt.dll
0x00007ff93b9f0000 - 0x00007ff93ba8c000 	C:\Windows\System32\sechost.dll
0x00007ff93c300000 - 0x00007ff93c425000 	C:\Windows\System32\RPCRT4.dll
0x00007ff9217e0000 - 0x00007ff9217fa000 	C:\Program Files\Java\jdk-17.0.2\bin\VCRUNTIME140.dll
0x00007ff93af40000 - 0x00007ff93b0e0000 	C:\Windows\System32\USER32.dll
0x00007ff939e40000 - 0x00007ff939e62000 	C:\Windows\System32\win32u.dll
0x00007ff93a850000 - 0x00007ff93a87a000 	C:\Windows\System32\GDI32.dll
0x00007ff93a450000 - 0x00007ff93a55b000 	C:\Windows\System32\gdi32full.dll
0x00007ff93a0e0000 - 0x00007ff93a17d000 	C:\Windows\System32\msvcp_win.dll
0x00007ff92dda0000 - 0x00007ff92e03a000 	C:\Windows\WinSxS\amd64_microsoft.windows.common-controls_6595b64144ccf1df_6.0.19041.1110_none_60b5254171f9507e\COMCTL32.dll
0x00007ff930e90000 - 0x00007ff930e9a000 	C:\Windows\SYSTEM32\VERSION.dll
0x00007ff93b960000 - 0x00007ff93b990000 	C:\Windows\System32\IMM32.DLL
0x00007ff929850000 - 0x00007ff92985c000 	C:\Program Files\Java\jdk-17.0.2\bin\vcruntime140_1.dll
0x00007ff91ea80000 - 0x00007ff91eb0d000 	C:\Program Files\Java\jdk-17.0.2\bin\msvcp140.dll
0x00007ff8f2d20000 - 0x00007ff8f38e1000 	C:\Program Files\Java\jdk-17.0.2\bin\server\jvm.dll
0x00007ff93b460000 - 0x00007ff93b468000 	C:\Windows\System32\PSAPI.DLL
0x00007ff935650000 - 0x00007ff935659000 	C:\Windows\SYSTEM32\WSOCK32.dll
0x00007ff93aa60000 - 0x00007ff93aacb000 	C:\Windows\System32\WS2_32.dll
0x00007ff92e040000 - 0x00007ff92e067000 	C:\Windows\SYSTEM32\WINMM.dll
0x00007ff938520000 - 0x00007ff938532000 	C:\Windows\SYSTEM32\kernel.appcore.dll
0x00007ff9279e0000 - 0x00007ff9279ea000 	C:\Program Files\Java\jdk-17.0.2\bin\jimage.dll
0x00007ff926c00000 - 0x00007ff926de4000 	C:\Windows\SYSTEM32\DBGHELP.DLL
0x00007ff928fa0000 - 0x00007ff928fcc000 	C:\Windows\SYSTEM32\dbgcore.DLL
0x00007ff939e70000 - 0x00007ff939ef2000 	C:\Windows\System32\bcryptPrimitives.dll
0x00007ff921540000 - 0x00007ff921565000 	C:\Program Files\Java\jdk-17.0.2\bin\java.dll
0x00007ff8fde90000 - 0x00007ff8fdf66000 	C:\Program Files\Java\jdk-17.0.2\bin\jsvml.dll
0x00007ff93ba90000 - 0x00007ff93c1d4000 	C:\Windows\System32\SHELL32.dll
0x00007ff937d70000 - 0x00007ff938504000 	C:\Windows\SYSTEM32\windows.storage.dll
0x00007ff93b5f0000 - 0x00007ff93b944000 	C:\Windows\System32\combase.dll
0x00007ff9396f0000 - 0x00007ff939720000 	C:\Windows\SYSTEM32\Wldp.dll
0x00007ff93a900000 - 0x00007ff93a9ad000 	C:\Windows\System32\SHCORE.dll
0x00007ff93c290000 - 0x00007ff93c2e5000 	C:\Windows\System32\shlwapi.dll
0x00007ff939bd0000 - 0x00007ff939bef000 	C:\Windows\SYSTEM32\profapi.dll
0x00007ff9217c0000 - 0x00007ff9217d9000 	C:\Program Files\Java\jdk-17.0.2\bin\net.dll
0x00007ff92eaa0000 - 0x00007ff92ebaa000 	C:\Windows\SYSTEM32\WINHTTP.dll
0x00007ff939450000 - 0x00007ff9394ba000 	C:\Windows\system32\mswsock.dll
0x00007ff9216d0000 - 0x00007ff9216e6000 	C:\Program Files\Java\jdk-17.0.2\bin\nio.dll
0x00007ff9214b0000 - 0x00007ff9214c8000 	C:\Program Files\Java\jdk-17.0.2\bin\zip.dll
0x00007ff9227a0000 - 0x00007ff9227b0000 	C:\Program Files\Java\jdk-17.0.2\bin\verify.dll
0x00007ff9227b0000 - 0x00007ff9227d7000 	C:\Users\USER\.gradle\native\e1d6ef7f7dcc3fd88c89a11ec53ec762bb8ba0a96d01ffa2cd45eb1d1d8dd5c5\windows-amd64\native-platform.dll
0x00007ff8fd4e0000 - 0x00007ff8fd624000 	C:\Users\USER\.gradle\native\5664cfc778a61ccfe75a443a1ab52a65af34e5dc3c78e0209fed803814484fcb\windows-amd64\native-platform-file-events.dll
0x00007ff921850000 - 0x00007ff921859000 	C:\Program Files\Java\jdk-17.0.2\bin\management.dll
0x00007ff921840000 - 0x00007ff92184b000 	C:\Program Files\Java\jdk-17.0.2\bin\management_ext.dll
0x00007ff939640000 - 0x00007ff939658000 	C:\Windows\SYSTEM32\CRYPTSP.dll
0x00007ff938d60000 - 0x00007ff938d94000 	C:\Windows\system32\rsaenh.dll
0x00007ff939f00000 - 0x00007ff939f27000 	C:\Windows\System32\bcrypt.dll
0x00007ff939b90000 - 0x00007ff939bbe000 	C:\Windows\SYSTEM32\USERENV.dll
0x00007ff939660000 - 0x00007ff93966c000 	C:\Windows\SYSTEM32\CRYPTBASE.dll
0x00007ff9390f0000 - 0x00007ff93912b000 	C:\Windows\SYSTEM32\IPHLPAPI.DLL
0x00007ff93b950000 - 0x00007ff93b958000 	C:\Windows\System32\NSI.dll
0x00007ff92f7f0000 - 0x00007ff92f807000 	C:\Windows\SYSTEM32\dhcpcsvc6.DLL
0x00007ff92f7d0000 - 0x00007ff92f7ed000 	C:\Windows\SYSTEM32\dhcpcsvc.DLL
0x00007ff939140000 - 0x00007ff93920b000 	C:\Windows\SYSTEM32\DNSAPI.dll
0x00007ff929830000 - 0x00007ff92983e000 	C:\Program Files\Java\jdk-17.0.2\bin\sunmscapi.dll
0x00007ff939c90000 - 0x00007ff939de6000 	C:\Windows\System32\CRYPT32.dll
0x00007ff939760000 - 0x00007ff939787000 	C:\Windows\SYSTEM32\ncrypt.dll
0x00007ff939720000 - 0x00007ff93975b000 	C:\Windows\SYSTEM32\NTASN1.dll
0x00007ff929820000 - 0x00007ff929827000 	C:\Windows\system32\wshunix.dll

dbghelp: loaded successfully - version: 4.0.5 - missing functions: none
symbol engine: initialized successfully - sym options: 0x614 - pdb path: .;C:\Program Files\Java\jdk-17.0.2\bin;C:\Windows\SYSTEM32;C:\Windows\WinSxS\amd64_microsoft.windows.common-controls_6595b64144ccf1df_6.0.19041.1110_none_60b5254171f9507e;C:\Program Files\Java\jdk-17.0.2\bin\server;C:\Users\USER\.gradle\native\e1d6ef7f7dcc3fd88c89a11ec53ec762bb8ba0a96d01ffa2cd45eb1d1d8dd5c5\windows-amd64;C:\Users\USER\.gradle\native\5664cfc778a61ccfe75a443a1ab52a65af34e5dc3c78e0209fed803814484fcb\windows-amd64

VM Arguments:
jvm_args: --add-opens=java.base/java.util=ALL-UNNAMED --add-opens=java.base/java.lang=ALL-UNNAMED --add-opens=java.base/java.lang.invoke=ALL-UNNAMED --add-opens=java.base/java.util=ALL-UNNAMED --add-opens=java.prefs/java.util.prefs=ALL-UNNAMED --add-opens=java.prefs/java.util.prefs=ALL-UNNAMED --add-opens=java.base/java.nio.charset=ALL-UNNAMED --add-opens=java.base/java.net=ALL-UNNAMED --add-opens=java.base/java.util.concurrent.atomic=ALL-UNNAMED -Xmx2048m -Dfile.encoding=UTF-8 -Duser.country=US -Duser.language=en -Duser.variant 
java_command: org.gradle.launcher.daemon.bootstrap.GradleDaemon 7.3.3
java_class_path (initial): C:\Users\USER\.gradle\wrapper\dists\gradle-7.3.3-bin\6a41zxkdtcxs8rphpq6y0069z\gradle-7.3.3\lib\gradle-launcher-7.3.3.jar
Launcher Type: SUN_STANDARD

[Global flags]
     intx CICompilerCount                          = 2                                         {product} {ergonomic}
     uint ConcGCThreads                            = 1                                         {product} {ergonomic}
     uint G1ConcRefinementThreads                  = 2                                         {product} {ergonomic}
   size_t G1HeapRegionSize                         = 1048576                                   {product} {ergonomic}
    uintx GCDrainStackTargetSize                   = 64                                        {product} {ergonomic}
   size_t InitialHeapSize                          = 67108864                                  {product} {ergonomic}
   size_t MarkStackSize                            = 4194304                                   {product} {ergonomic}
   size_t MaxHeapSize                              = 2147483648                                {product} {command line}
   size_t MaxNewSize                               = 1287651328                                {product} {ergonomic}
   size_t MinHeapDeltaBytes                        = 1048576                                   {product} {ergonomic}
   size_t MinHeapSize                              = 8388608                                   {product} {ergonomic}
    uintx NonNMethodCodeHeapSize                   = 5826188                                {pd product} {ergonomic}
    uintx NonProfiledCodeHeapSize                  = 122916026                              {pd product} {ergonomic}
    uintx ProfiledCodeHeapSize                     = 122916026                              {pd product} {ergonomic}
    uintx ReservedCodeCacheSize                    = 251658240                              {pd product} {ergonomic}
     bool SegmentedCodeCache                       = true                                      {product} {ergonomic}
   size_t SoftMaxHeapSize                          = 2147483648                             {manageable} {ergonomic}
     bool UseCompressedClassPointers               = true                           {product lp64_product} {ergonomic}
     bool UseCompressedOops                        = true                           {product lp64_product} {ergonomic}
     bool UseG1GC                                  = true                                      {product} {ergonomic}
     bool UseLargePagesIndividualAllocation        = false                                  {pd product} {ergonomic}

Logging:
Log output configuration:
 #0: stdout all=warning uptime,level,tags
 #1: stderr all=off uptime,level,tags

Environment Variables:
JAVA_HOME=C:\Program Files\Java\jdk-17.0.2
PATH=C:\Program Files\Common Files\Oracle\Java\javapath;C:\Windows\system32;C:\Windows;C:\Windows\System32\Wbem;C:\Windows\System32\WindowsPowerShell\v1.0\;C:\Windows\System32\OpenSSH\;C:\Program Files\Git\cmd;C:\Program Files\nodejs\;C:\Users\USER\AppData\Local\Microsoft\WindowsApps;C:\Users\USER\Downloads\flutter_windows_2.10.0-stable\flutter\bin;C:\Users\USER\AppData\Roaming\npm;C:\Users\USER\AppData\Local\Programs\Microsoft VS Code\bin;C:\Program Files\nodejs;C:\Users\USER\AppData\Local\Programs\Python\Python310\Scripts;C:\Users\USER\Desktop\chromedriver.exe;
USERNAME=KSayyadah
OS=Windows_NT
PROCESSOR_IDENTIFIER=Intel64 Family 6 Model 23 Stepping 10, GenuineIntel



---------------  S Y S T E M  ---------------

OS:
 Windows 10 , 64 bit Build 19041 (10.0.19041.1806)
OS uptime: 0 days 1:46 hours

CPU: total 2 (initial active 2) (2 cores per cpu, 1 threads per core) family 6 model 23 stepping 10 microcode 0xa0c, cx8, cmov, fxsr, mmx, sse, sse2, sse3, ssse3, sse4.1, tsc, clflush

Memory: 4k page, system-wide physical 4083M (1088M free)
TotalPageFile size 8549M (AvailPageFile size 4024M)
current process WorkingSet (physical memory assigned to process): 150M, peak: 150M
current process commit charge ("private bytes"): 192M, peak: 193M

vm_info: Java HotSpot(TM) 64-Bit Server VM (17.0.2+8-LTS-86) for windows-amd64 JRE (17.0.2+8-LTS-86), built on Dec  7 2021 21:51:03 by "mach5one" with MS VC++ 16.8 / 16.9 (VS2019)

END.
